<?xml version="1.0" encoding="UTF-8"?>
<testsuite xmlns:xsi="http://www.w3.org/2001/XMLSchema-instance" xsi:noNamespaceSchemaLocation="https://maven.apache.org/surefire/maven-surefire-plugin/xsd/surefire-test-report.xsd" version="3.0.2" name="com.wu.era.library.config.LogLevelConfigTest" time="0.007" tests="7" errors="0" skipped="0" failures="0">
  <properties>
[...]
</properties>
  <testcase name="logLevelConfigurer_appliesPackageLogLevel" classname="com.wu.era.library.config.LogLevelConfigTest" time="0.002">
    <system-out><![CDATA[20:54:39.849 [main] INFO  com.wu.era.library.config.LogLevelConfig - Set logger 'com.wu.era' level to DEBUG
]]></system-out>
  </testcase>
  <testcase name="logLevelConfigurer_withMultipleLevels" classname="com.wu.era.library.config.LogLevelConfigTest" time="0.001">
    <system-out><![CDATA[20:54:39.851 [main] INFO  com.wu.era.library.config.LogLevelConfig - Set root logger level to INFO
20:54:39.851 [main] INFO  com.wu.era.library.config.LogLevelConfig - Set logger 'com.wu.era' level to DEBUG
20:54:39.851 [main] INFO  com.wu.era.library.config.LogLevelConfig - Set logger 'org.springframework' level to WARN
]]></system-out>
  </testcase>
  <testcase name="logLevelConfigurer_appliesRootLogLevel" classname="com.wu.era.library.config.LogLevelConfigTest" time="0.001">
    <system-out><![CDATA[20:54:39.852 [main] INFO  com.wu.era.library.config.LogLevelConfig - Set root logger level to WARN
]]></system-out>
  </testcase>
  <testcase name="logLevelConfigurer_ignoresNonLogLevelProperties" classname="com.wu.era.library.config.LogLevelConfigTest" time="0.0"/>
  <testcase name="logLevelConfigurer_ignoresInvalidLogLevel" classname="com.wu.era.library.config.LogLevelConfigTest" time="0.0">
    <system-out><![CDATA[20:54:39.853 [main] WARN  com.wu.era.library.config.LogLevelConfig - Invalid log level 'INVALID_LEVEL' for logger 'com.wu.era'
]]></system-out>
  </testcase>
  <testcase name="logLevelConfig_createsBeanSuccessfully" classname="com.wu.era.library.config.LogLevelConfigTest" time="0.0"/>
  <testcase name="logLevelConfigurer_withEmptyEnvironment" classname="com.wu.era.library.config.LogLevelConfigTest" time="0.001"/>
</testsuite>